c --- [ banner ] -------------------------------------------------------------
c 
c CaDiCaL Radically Simplified CDCL SAT Solver
c Copyright (c) 2016-2021 A. Biere, M. Fleury, N. Froleyks
c 
c Version 1.5.2
c g++ (Ubuntu 9.3.0-17ubuntu1~20.04) 9.3.0 -Wall -Wextra -O3 -DNDEBUG
c Tue Dec 7 10:47:50 CST 2021 Linux DESKTOP-LKAV4VA 4.4.0-19041-Microsoft x86_64
c 
c --- [ parsing input ] ------------------------------------------------------
c 
c reading DIMACS file from 'Problem-Round3-Cor3.cnf'
c opening file to read 'Problem-Round3-Cor3.cnf'
c found 'p cnf 765 2770' header
c parsed 2770 clauses in 0.00 seconds process time
c closing file 'Problem-Round3-Cor3.cnf'
c after reading 48391 bytes 0.0 MB
c 
c --- [ options ] ------------------------------------------------------------
c 
c all options are set to their default value
c 
c --- [ solving ] ------------------------------------------------------------
c 
c time measured in process time since initialization
c 
c  seconds  reductions  redundant irredundant
c         MB    restarts       trail    variables
c          level   conflicts       glue     remaining
c 
c *  0.00  2  0 0   0    0    0  0% 0 2715 711 93%
c {  0.00  2  0 0   0    0    0  0% 0 2715 711 93%
c i  0.00  2 54 0   1   87   72 63% 3 2715 710 93%
c i  0.00  2 49 0   1   96   79 62% 3 2715 706 92%
c i  0.00  2 42 0   1  114   95 60% 3 2715 705 92%
c }  0.00  2 33 0   1  148  120 65% 3 2715 705 92%
c 1  0.00  2 33 0   1  148  120 65% 3 2715 705 92%
c 
c --- [ result ] -------------------------------------------------------------
c 
s SATISFIABLE
v -1 -2 -3 -4 -5 -6 -7 -8 -9 -10 11 -12 -13 14 -15 -16 -17 -18 -19 -20 -21 -22
v -23 -24 -25 -26 -27 -28 -29 -30 -31 -32 -33 -34 -35 -36 -37 -38 -39 -40 -41
v -42 43 -44 -45 46 -47 -48 -49 -50 -51 -52 -53 -54 -55 -56 -57 -58 -59 -60
v -61 -62 -63 -64 -65 -66 -67 -68 -69 -70 -71 -72 -73 -74 -75 -76 -77 -78 -79
v -80 -81 -82 -83 -84 -85 -86 -87 -88 -89 -90 91 -92 -93 -94 -95 -96 -97 -98
v -99 -100 -101 -102 -103 -104 -105 -106 -107 -108 -109 -110 -111 112 -113
v -114 -115 -116 -117 -118 -119 -120 -121 -122 -123 -124 -125 -126 -127 -128
v -129 -130 -131 -132 -133 -134 -135 136 -137 -138 -139 -140 -141 -142 -143
v -144 -145 -146 -147 -148 -149 -150 -151 -152 -153 -154 -155 -156 157 -158
v -159 -160 -161 -162 -163 -164 165 -166 -167 168 -169 -170 -171 -172 -173
v -174 -175 -176 -177 -178 -179 -180 181 -182 -183 -184 -185 -186 -187 -188
v 189 -190 -191 -192 -193 -194 -195 -196 -197 -198 -199 -200 -201 -202 -203
v -204 -205 -206 -207 -208 -209 -210 -211 212 213 214 -215 -216 -217 -218 -219
v -220 -221 -222 -223 -224 -225 -226 -227 -228 -229 -230 -231 -232 -233 -234
v 235 -236 -237 -238 -239 -240 -241 -242 -243 -244 -245 -246 -247 -248 -249
v -250 -251 -252 -253 -254 -255 -256 -257 -258 -259 -260 -261 262 -263 -264
v -265 -266 -267 -268 -269 -270 -271 -272 -273 -274 -275 -276 -277 -278 -279
v -280 -281 -282 283 -284 -285 -286 -287 -288 -289 -290 -291 -292 -293 -294
v -295 -296 -297 -298 -299 -300 -301 -302 -303 -304 -305 -306 307 -308 -309
v -310 -311 -312 -313 -314 -315 -316 -317 -318 -319 -320 -321 -322 -323 -324
v -325 -326 -327 -328 -329 -330 -331 -332 -333 -334 -335 -336 -337 -338 -339
v -340 -341 -342 -343 -344 -345 -346 -347 -348 -349 -350 -351 -352 -353 -354
v -355 -356 -357 -358 -359 -360 -361 -362 -363 -364 -365 -366 -367 -368 -369
v -370 -371 -372 -373 -374 -375 -376 -377 -378 379 -380 -381 -382 -383 -384
v -385 -386 -387 -388 -389 -390 -391 -392 -393 -394 -395 -396 -397 -398 -399
v -400 -401 -402 -403 -404 -405 -406 -407 -408 -409 -410 -411 -412 -413 -414
v -415 -416 -417 -418 -419 -420 -421 -422 -423 424 -425 -426 -427 -428 -429
v -430 -431 -432 -433 -434 -435 -436 -437 -438 -439 -440 -441 -442 -443 -444
v -445 -446 -447 -448 -449 -450 -451 -452 -453 -454 -455 -456 -457 -458 -459
v -460 -461 -462 -463 -464 -465 -466 -467 -468 -469 -470 -471 -472 -473 -474
v -475 -476 -477 -478 -479 480 -481 -482 -483 -484 -485 -486 -487 -488 -489
v -490 -491 -492 -493 -494 -495 496 -497 -498 -499 -500 -501 -502 -503 504
v -505 -506 -507 -508 -509 -510 -511 -512 -513 -514 -515 -516 -517 -518 -519
v -520 -521 -522 -523 -524 -525 -526 -527 528 -529 -530 -531 -532 -533 -534
v -535 -536 -537 -538 -539 -540 541 -542 -543 -544 -545 -546 -547 -548 549
v -550 -551 -552 -553 -554 -555 -556 -557 -558 -559 -560 -561 -562 -563 -564
v -565 -566 -567 -568 -569 -570 -571 -572 -573 -574 -575 -576 -577 -578 -579
v -580 -581 -582 -583 -584 -585 -586 -587 -588 -589 -590 -591 -592 -593 -594
v -595 -596 -597 -598 -599 -600 -601 -602 -603 -604 -605 -606 -607 -608 -609
v -610 -611 -612 -613 -614 -615 -616 -617 -618 -619 -620 -621 -622 -623 -624
v -625 -626 -627 -628 -629 -630 -631 -632 -633 -634 -635 -636 -637 -638 -639
v -640 -641 -642 -643 -644 -645 -646 -647 -648 -649 -650 -651 -652 -653 -654
v -655 -656 -657 -658 -659 -660 -661 -662 -663 -664 -665 -666 -667 -668 -669
v -670 -671 -672 -673 -674 -675 -676 -677 -678 -679 -680 -681 -682 -683 -684
v -685 -686 -687 -688 -689 -690 -691 -692 -693 -694 -695 -696 -697 -698 -699
v -700 -701 -702 -703 -704 -705 -706 -707 -708 -709 -710 -711 -712 -713 -714
v -715 -716 -717 -718 -719 -720 -721 -722 -723 -724 -725 -726 -727 -728 -729
v -730 -731 -732 -733 -734 -735 -736 -737 -738 -739 -740 -741 -742 -743 -744
v -745 -746 -747 -748 -749 -750 -751 -752 -753 754 -755 -756 757 758 -759 760
v 761 762 763 764 765 0
c 
c --- [ run-time profiling ] -------------------------------------------------
c 
c process time taken by individual solving procedures
c (percentage relative to process time for solving)
c 
c         0.00    0.00% parse
c         0.00    0.00% search
c         0.00    0.00% simplify
c   =================================
c         0.00    0.00% solve
c 
c last line shows process time for solving
c (percentage relative to total process time)
c 
c --- [ statistics ] ---------------------------------------------------------
c 
c chronological:                65        43.92 %  of conflicts
c conflicts:                   148         0.00    per second
c decisions:                   435         0.00    per second
c fixed:                        60         7.84 %  of all variables
c learned:                     141        95.27 %  per conflict
c learned_lits:                960       100.00 %  learned literals
c minimized:                     0         0.00 %  learned literals
c shrunken:                    219        22.81 %  learned literals
c minishrunken:                 65         6.77 %  learned literals
c propagations:              21201         0.00 M  per second
c restarts:                      1       148.00    interval
c subsumed:                     18         0.32 %  of all clauses
c 
c seconds are measured in process time for solving
c 
c --- [ resources ] ----------------------------------------------------------
c 
c total process time since initialization:         0.00    seconds
c total real time since initialization:            0.00    seconds
c maximum resident set size of process:            2.36    MB
c 
c --- [ shutting down ] ------------------------------------------------------
c 
c exit 10
