c --- [ banner ] -------------------------------------------------------------
c 
c CaDiCaL Radically Simplified CDCL SAT Solver
c Copyright (c) 2016-2021 A. Biere, M. Fleury, N. Froleyks
c 
c Version 1.5.2
c g++ (Ubuntu 9.3.0-17ubuntu1~20.04) 9.3.0 -Wall -Wextra -O3 -DNDEBUG
c Tue Dec 7 10:47:50 CST 2021 Linux DESKTOP-LKAV4VA 4.4.0-19041-Microsoft x86_64
c 
c --- [ parsing input ] ------------------------------------------------------
c 
c reading DIMACS file from 'Problem-Round3-Cor2.cnf'
c opening file to read 'Problem-Round3-Cor2.cnf'
c found 'p cnf 694 2626' header
c parsed 2626 clauses in 0.00 seconds process time
c closing file 'Problem-Round3-Cor2.cnf'
c after reading 46077 bytes 0.0 MB
c 
c --- [ options ] ------------------------------------------------------------
c 
c all options are set to their default value
c 
c --- [ solving ] ------------------------------------------------------------
c 
c time measured in process time since initialization
c 
c  seconds  reductions  redundant irredundant
c         MB    restarts       trail    variables
c          level   conflicts       glue     remaining
c 
c *  0.00  2  0 0   0    0    0  0% 0 2576 641 92%
c {  0.00  2  0 0   0    0    0  0% 0 2576 641 92%
c }  0.00  2 34 0   4  101   84 63% 4 2576 641 92%
c 1  0.00  2 34 0   4  101   84 63% 4 2576 641 92%
c 
c --- [ result ] -------------------------------------------------------------
c 
s SATISFIABLE
v -1 -2 -3 -4 -5 -6 -7 -8 -9 -10 11 -12 -13 -14 -15 -16 -17 -18 -19 -20 -21
v -22 -23 -24 -25 -26 -27 -28 -29 -30 -31 -32 -33 -34 -35 -36 -37 -38 -39 -40
v -41 -42 43 -44 -45 46 47 -48 -49 -50 -51 -52 -53 -54 -55 -56 -57 -58 -59 -60
v -61 -62 -63 -64 -65 -66 -67 -68 -69 -70 -71 -72 -73 -74 -75 -76 -77 -78 -79
v -80 -81 -82 -83 -84 -85 -86 -87 -88 -89 -90 91 92 -93 -94 -95 -96 -97 -98
v -99 -100 -101 -102 -103 -104 -105 -106 -107 -108 -109 -110 -111 112 113 -114
v -115 -116 -117 -118 -119 -120 -121 -122 -123 -124 -125 -126 -127 -128 -129
v -130 -131 -132 -133 -134 -135 136 137 -138 -139 -140 -141 -142 -143 -144 145
v -146 -147 -148 -149 -150 -151 -152 -153 -154 -155 -156 157 158 -159 -160
v -161 -162 -163 -164 165 166 167 168 -169 -170 -171 -172 -173 -174 -175 -176
v -177 -178 -179 -180 181 182 -183 -184 -185 -186 -187 -188 189 190 191 -192
v -193 -194 -195 -196 -197 -198 -199 -200 -201 -202 -203 -204 -205 -206 -207
v -208 -209 -210 -211 212 -213 -214 -215 -216 -217 -218 -219 -220 -221 -222
v -223 -224 -225 -226 -227 -228 -229 -230 -231 -232 -233 -234 235 -236 -237
v -238 -239 -240 -241 -242 -243 -244 -245 -246 -247 -248 -249 -250 -251 -252
v -253 -254 -255 -256 -257 -258 -259 -260 -261 262 263 -264 -265 -266 -267
v -268 -269 -270 -271 -272 -273 -274 -275 -276 -277 -278 -279 -280 -281 -282
v 283 284 -285 -286 -287 -288 -289 -290 -291 -292 -293 -294 -295 -296 -297
v -298 -299 -300 -301 -302 -303 -304 -305 -306 307 308 -309 -310 -311 -312
v -313 -314 -315 -316 -317 -318 -319 -320 -321 -322 -323 -324 -325 -326 -327
v -328 -329 -330 -331 -332 -333 -334 -335 -336 -337 -338 -339 -340 -341 -342
v -343 -344 -345 -346 -347 -348 -349 -350 -351 -352 -353 -354 -355 -356 -357
v -358 -359 -360 -361 -362 -363 -364 -365 -366 -367 -368 -369 -370 -371 -372
v -373 -374 -375 -376 -377 -378 379 380 -381 -382 -383 -384 -385 -386 -387
v -388 -389 -390 -391 -392 -393 -394 -395 -396 -397 -398 -399 -400 -401 -402
v -403 -404 -405 -406 -407 -408 -409 -410 -411 -412 -413 -414 -415 -416 -417
v -418 -419 -420 -421 -422 -423 424 425 -426 -427 -428 -429 -430 -431 -432
v -433 434 -435 -436 -437 -438 -439 -440 -441 -442 -443 -444 -445 -446 -447
v -448 -449 -450 -451 -452 -453 -454 -455 -456 457 458 -459 -460 -461 -462
v -463 -464 -465 -466 -467 -468 -469 -470 -471 -472 -473 -474 -475 -476 -477
v -478 -479 480 481 482 -483 -484 -485 -486 -487 -488 -489 -490 -491 -492 -493
v -494 -495 496 497 -498 -499 -500 -501 -502 -503 504 505 -506 -507 -508 -509
v -510 -511 -512 -513 -514 -515 -516 -517 -518 -519 -520 -521 -522 -523 -524
v -525 -526 -527 528 -529 -530 -531 -532 -533 -534 -535 -536 -537 -538 -539
v -540 541 542 -543 -544 -545 -546 -547 -548 549 550 551 -552 -553 -554 555
v -556 557 -558 559 -560 561 -562 563 -564 565 -566 567 -568 569 -570 571 -572
v 573 -574 575 -576 577 -578 579 -580 581 -582 583 -584 585 -586 587 -588 589
v -590 591 -592 593 -594 595 -596 597 -598 599 -600 601 -602 603 -604 605 -606
v 607 -608 609 -610 611 -612 613 -614 615 -616 617 -618 619 -620 621 -622 623
v -624 625 -626 627 -628 629 -630 631 -632 633 -634 635 -636 637 -638 639 -640
v 641 -642 643 -644 645 -646 647 -648 649 -650 651 -652 653 -654 655 -656 657
v -658 659 -660 661 -662 663 -664 665 -666 667 -668 669 -670 671 -672 673 -674
v 675 -676 677 -678 679 -680 681 -682 683 -684 685 -686 687 688 689 690 691
v 692 693 694 0
c 
c --- [ run-time profiling ] -------------------------------------------------
c 
c process time taken by individual solving procedures
c (percentage relative to process time for solving)
c 
c         0.00    0.00% parse
c         0.00    0.00% search
c         0.00    0.00% simplify
c   =================================
c         0.00    0.00% solve
c 
c last line shows process time for solving
c (percentage relative to total process time)
c 
c --- [ statistics ] ---------------------------------------------------------
c 
c chronological:                40        39.60 %  of conflicts
c conflicts:                   101         0.00    per second
c decisions:                   303         0.00    per second
c fixed:                        53         7.64 %  of all variables
c learned:                      98        97.03 %  per conflict
c learned_lits:                845       100.00 %  learned literals
c minimized:                     0         0.00 %  learned literals
c shrunken:                    174        20.59 %  learned literals
c minishrunken:                 34         4.02 %  learned literals
c propagations:              15196         0.00 M  per second
c restarts:                      4        25.25    interval
c subsumed:                     14         0.26 %  of all clauses
c 
c seconds are measured in process time for solving
c 
c --- [ resources ] ----------------------------------------------------------
c 
c total process time since initialization:         0.00    seconds
c total real time since initialization:            0.00    seconds
c maximum resident set size of process:            2.32    MB
c 
c --- [ shutting down ] ------------------------------------------------------
c 
c exit 10
