c --- [ banner ] -------------------------------------------------------------
c 
c CaDiCaL Radically Simplified CDCL SAT Solver
c Copyright (c) 2016-2021 A. Biere, M. Fleury, N. Froleyks
c 
c Version 1.5.2
c g++ (Ubuntu 9.3.0-17ubuntu1~20.04) 9.3.0 -Wall -Wextra -O3 -DNDEBUG
c Tue Dec 7 10:47:50 CST 2021 Linux DESKTOP-LKAV4VA 4.4.0-19041-Microsoft x86_64
c 
c --- [ parsing input ] ------------------------------------------------------
c 
c reading DIMACS file from 'Problem-Round4-Cor6.cnf'
c opening file to read 'Problem-Round4-Cor6.cnf'
c found 'p cnf 1722 5713' header
c parsed 5713 clauses in 0.00 seconds process time
c closing file 'Problem-Round4-Cor6.cnf'
c after reading 105138 bytes 0.1 MB
c 
c --- [ options ] ------------------------------------------------------------
c 
c all options are set to their default value
c 
c --- [ solving ] ------------------------------------------------------------
c 
c time measured in process time since initialization
c 
c  seconds  reductions  redundant irredundant
c         MB    restarts       trail    variables
c          level   conflicts       glue      remaining
c 
c *  0.00  3  0 0   0    0    0  0% 0 5636 1677 97%
c {  0.00  3  0 0   0    0    0  0% 0 5636 1677 97%
c -  0.02  3 106 1  15  301  275 67% 3 5474 1677 97%
c -  0.02  3 44 2  52  901  814 64% 4 5474 1677 97%
c }  0.02  3 41 2  67 1003  900 64% 4 5474 1677 97%
c [  0.02  3  0 2  67 1003  900  0% 0 5474 1677 97%
c O  0.02  3 54 2  67 1004  901 34% 4 5474 1677 97%
c i  0.03  3 12 2  67 1542 1326 55% 5 5474 1676 97%
c -  0.05  3 15 3  67 1804 1318 60% 6 5465 1676 97%
c ]  0.06  3 27 3  68 3003 2449 62% 11 5465 1676 97%
c {  0.06  3 41 3  68 3003 2449 64% 4 5465 1676 97%
c -  0.08  3 41 4  69 3008 2163 64% 4 5465 1676 97%
c F  0.08  3 41 4  69 3009 2164 64% 4 5465 1676 97%
c i  0.08  3 34 4 135 3334 2445 63% 4 5465 1675 97%
c i  0.08  3 32 4 146 3472 2547 62% 4 5465 1672 97%
c s  0.09  4 31 4 146 3498 2465 62% 4 5079 1672 97%
c v  0.09  4 31 4 146 3498 2465 62% 4 5073 1672 97%
c w  0.09  4 31 4 146 3498 2461 62% 4 5073 1672 97%
c t  0.09  4 31 4 146 3498 2458 62% 4 5066 1672 97%
c e  0.09  4 31 4 146 3498  366 62% 4 3504 774 45%
c 
c  seconds  reductions  redundant irredundant
c         MB    restarts       trail    variables
c          level   conflicts       glue     remaining
c 
c s  0.09  4 31 4 146 3498  323 62% 4 3397 774 45%
c -  0.11  4 24 5 292 4508 1196 66% 4 3397 774 45%
c i  0.12  4 22 5 345 4899 1510 67% 5 3397 773 45%
c 2  0.12  4 22 5 352 5002 2102 67% 5 3397 773 45%
c p  0.12  4 22 5 352 5002 5031 67% 5 3397 715 42%
c i  0.14  4 20 5 403 5503 5440 66% 5 3397 714 41%
c i  0.14  4 20 5 412 5709 5564 66% 5 3397 713 41%
c i  0.14  4 19 5 448 5959 5789 67% 5 3397 712 41%
c i  0.14  4 19 5 448 6005 5819 67% 5 3397 710 41%
c #  0.14  4 19 5 448 6011 5825 67% 5 3397 710 41%
c i  0.16  4 19 5 465 6198 5971 67% 5 3397 704 41%
c -  0.16  4 18 6 473 6308 2478 67% 5 3080 704 41%
c i  0.16  4 18 6 483 6360 2516 67% 5 3080 703 41%
c i  0.16  4 18 6 483 6384 2528 67% 5 3080 702 41%
c i  0.16  4 18 6 505 6592 2695 67% 5 3080 701 41%
c }  0.16  4 18 6 527 6790 2866 67% 5 3080 701 41%
c 1  0.16  4 18 6 527 6790 2866 67% 5 3080 701 41%
c 
c --- [ result ] -------------------------------------------------------------
c 
s SATISFIABLE
v -1 -2 3 -4 -5 6 -7 -8 -9 -10 -11 -12 -13 -14 -15 -16 -17 -18 -19 -20 -21 -22
v -23 -24 -25 -26 -27 -28 -29 -30 -31 -32 -33 -34 -35 -36 -37 38 -39 -40 -41
v -42 43 -44 -45 -46 -47 -48 49 -50 -51 -52 -53 -54 -55 -56 -57 -58 -59 -60
v -61 -62 -63 -64 -65 -66 67 -68 -69 -70 -71 -72 -73 -74 -75 -76 -77 -78 -79
v -80 -81 -82 -83 -84 -85 -86 -87 -88 -89 -90 -91 -92 -93 -94 -95 -96 -97 -98
v 99 -100 -101 -102 -103 -104 -105 -106 107 108 -109 110 -111 -112 -113 -114
v -115 -116 -117 -118 -119 -120 -121 -122 -123 -124 -125 -126 -127 -128 -129
v -130 -131 -132 -133 -134 -135 -136 -137 -138 -139 -140 -141 -142 -143 -144
v -145 -146 -147 -148 -149 -150 -151 -152 -153 -154 -155 -156 -157 -158 -159
v 160 -161 -162 -163 -164 -165 -166 -167 -168 -169 -170 171 -172 -173 -174
v -175 -176 -177 -178 -179 -180 -181 -182 -183 -184 -185 -186 -187 -188 -189
v -190 -191 192 -193 -194 -195 -196 197 198 -199 -200 -201 -202 -203 -204 -205
v -206 -207 -208 -209 -210 -211 -212 -213 -214 -215 -216 -217 -218 -219 -220
v 221 -222 -223 -224 -225 -226 -227 -228 229 230 -231 232 -233 -234 -235 -236
v -237 -238 -239 -240 -241 -242 -243 -244 -245 -246 -247 -248 -249 -250 -251
v -252 253 -254 -255 -256 -257 -258 -259 -260 -261 -262 -263 -264 -265 266
v -267 -268 269 -270 -271 -272 -273 -274 -275 -276 -277 -278 -279 -280 -281
v 282 -283 -284 -285 -286 -287 -288 -289 -290 -291 -292 293 -294 -295 -296
v -297 298 -299 -300 -301 -302 -303 -304 -305 -306 -307 -308 -309 -310 -311
v -312 -313 314 -315 -316 -317 -318 -319 -320 -321 -322 -323 -324 -325 -326
v -327 -328 -329 -330 -331 332 -333 -334 335 -336 -337 -338 -339 -340 -341
v -342 -343 -344 -345 -346 -347 -348 -349 -350 -351 -352 -353 -354 -355 -356
v -357 -358 -359 -360 -361 -362 363 -364 -365 366 367 -368 -369 -370 -371 -372
v -373 -374 -375 -376 -377 -378 -379 -380 -381 -382 -383 -384 -385 -386 -387
v -388 -389 390 -391 -392 -393 -394 -395 -396 -397 398 399 -400 401 -402 -403
v -404 -405 -406 -407 -408 -409 -410 -411 -412 -413 -414 -415 -416 -417 -418
v -419 -420 -421 -422 -423 -424 -425 -426 427 428 -429 430 -431 -432 -433 -434
v -435 -436 -437 -438 -439 -440 -441 -442 -443 -444 -445 -446 -447 -448 -449
v -450 451 -452 -453 -454 -455 -456 -457 -458 459 460 -461 462 -463 -464 -465
v -466 -467 -468 -469 -470 -471 -472 -473 -474 -475 -476 -477 -478 -479 -480
v -481 -482 -483 -484 -485 -486 -487 -488 -489 -490 -491 492 -493 -494 -495
v -496 -497 -498 -499 -500 -501 -502 -503 -504 -505 -506 -507 -508 -509 -510
v -511 -512 -513 -514 -515 -516 -517 -518 -519 -520 -521 -522 523 524 -525
v -526 -527 -528 -529 -530 -531 -532 -533 -534 -535 -536 -537 -538 -539 -540
v -541 -542 -543 -544 -545 -546 547 -548 -549 -550 -551 -552 -553 -554 -555
v -556 -557 558 -559 -560 -561 -562 -563 -564 -565 -566 -567 -568 -569 -570
v -571 -572 -573 -574 -575 -576 -577 -578 -579 -580 -581 -582 -583 -584 -585
v -586 587 -588 -589 -590 -591 -592 -593 -594 -595 -596 -597 -598 -599 -600
v -601 -602 -603 -604 -605 -606 -607 -608 -609 -610 -611 -612 -613 -614 -615
v -616 -617 -618 619 -620 -621 -622 -623 -624 -625 -626 -627 -628 -629 -630
v -631 -632 -633 -634 -635 -636 -637 -638 -639 640 -641 -642 -643 -644 -645
v -646 -647 -648 649 -650 -651 -652 -653 -654 -655 -656 -657 -658 -659 -660
v -661 -662 -663 -664 -665 -666 -667 -668 -669 -670 -671 -672 -673 -674 -675
v -676 -677 -678 -679 680 681 -682 -683 -684 -685 -686 -687 -688 -689 -690
v -691 -692 -693 -694 -695 -696 -697 -698 -699 -700 -701 -702 -703 -704 -705
v -706 -707 -708 -709 -710 -711 712 713 -714 715 -716 -717 -718 -719 -720 -721
v -722 -723 -724 -725 -726 -727 -728 -729 -730 -731 -732 -733 -734 -735 736
v -737 -738 -739 -740 -741 -742 -743 744 -745 -746 -747 -748 -749 -750 -751
v -752 -753 -754 -755 -756 -757 -758 -759 -760 -761 -762 -763 -764 -765 -766
v -767 -768 -769 -770 -771 -772 773 774 -775 776 -777 -778 -779 -780 -781 -782
v -783 -784 -785 -786 -787 -788 -789 -790 -791 -792 -793 -794 -795 -796 797
v -798 -799 -800 -801 -802 -803 -804 -805 806 -807 -808 -809 -810 -811 -812
v -813 814 -815 -816 -817 -818 -819 -820 -821 -822 -823 -824 -825 -826 -827
v -828 -829 -830 -831 -832 -833 -834 -835 -836 837 838 -839 -840 -841 -842
v -843 -844 845 -846 -847 -848 -849 -850 -851 -852 -853 -854 -855 -856 -857
v -858 -859 -860 -861 -862 -863 -864 -865 -866 -867 -868 -869 -870 -871 872
v -873 -874 -875 -876 877 -878 -879 -880 -881 -882 -883 -884 -885 -886 -887
v -888 -889 -890 -891 -892 893 -894 -895 -896 -897 -898 -899 -900 901 -902
v -903 -904 -905 -906 -907 -908 909 -910 -911 -912 -913 -914 -915 -916 -917
v -918 -919 -920 -921 -922 -923 -924 -925 -926 -927 -928 -929 -930 -931 -932
v 933 -934 -935 -936 -937 938 -939 -940 -941 -942 -943 -944 -945 -946 -947
v -948 -949 -950 -951 -952 -953 954 -955 -956 -957 -958 -959 -960 -961 -962
v -963 -964 -965 -966 -967 -968 -969 -970 -971 -972 -973 -974 -975 -976 -977
v -978 -979 -980 -981 -982 -983 -984 -985 -986 -987 -988 -989 -990 991 -992
v -993 -994 -995 -996 997 -998 -999 -1000 -1001 -1002 1003 -1004 -1005 -1006
v -1007 -1008 1009 -1010 -1011 -1012 -1013 -1014 1015 -1016 -1017 -1018 -1019
v -1020 1021 -1022 -1023 -1024 -1025 -1026 1027 -1028 -1029 -1030 -1031 -1032
v 1033 -1034 -1035 -1036 -1037 -1038 1039 1040 -1041 -1042 -1043 -1044 1045
v 1046 -1047 -1048 -1049 -1050 1051 1052 -1053 -1054 -1055 -1056 1057 1058
v -1059 -1060 -1061 -1062 1063 1064 -1065 -1066 -1067 -1068 1069 1070 -1071
v -1072 -1073 -1074 1075 1076 -1077 -1078 -1079 -1080 1081 1082 -1083 -1084
v -1085 -1086 1087 1088 -1089 -1090 -1091 -1092 1093 1094 -1095 -1096 -1097
v -1098 1099 1100 -1101 -1102 -1103 -1104 1105 1106 -1107 -1108 -1109 -1110
v 1111 1112 -1113 -1114 -1115 -1116 1117 1118 -1119 -1120 -1121 -1122 1123
v 1124 -1125 -1126 -1127 -1128 1129 1130 -1131 -1132 -1133 -1134 1135 1136
v -1137 -1138 -1139 -1140 1141 1142 -1143 -1144 -1145 -1146 1147 1148 -1149
v -1150 -1151 -1152 1153 1154 -1155 -1156 -1157 -1158 1159 1160 -1161 -1162
v -1163 -1164 1165 1166 -1167 -1168 -1169 -1170 1171 1172 -1173 -1174 -1175
v -1176 1177 1178 -1179 -1180 -1181 -1182 1183 1184 -1185 -1186 -1187 -1188
v 1189 1190 -1191 -1192 -1193 -1194 1195 1196 -1197 -1198 -1199 -1200 1201
v 1202 1203 -1204 -1205 -1206 1207 1208 1209 -1210 -1211 -1212 1213 1214 1215
v -1216 -1217 -1218 1219 1220 1221 -1222 -1223 -1224 1225 1226 1227 -1228
v -1229 -1230 1231 1232 1233 -1234 -1235 -1236 1237 1238 1239 -1240 -1241
v -1242 1243 1244 1245 -1246 -1247 -1248 1249 1250 1251 -1252 -1253 -1254 1255
v 1256 1257 -1258 -1259 -1260 1261 1262 1263 -1264 -1265 -1266 1267 1268 1269
v -1270 -1271 -1272 1273 1274 1275 -1276 -1277 -1278 1279 1280 1281 -1282
v -1283 -1284 1285 1286 1287 -1288 -1289 -1290 1291 1292 1293 -1294 -1295
v -1296 1297 1298 1299 -1300 -1301 -1302 1303 1304 1305 -1306 -1307 -1308 1309
v 1310 1311 -1312 -1313 -1314 1315 1316 1317 -1318 -1319 -1320 1321 1322 1323
v -1324 -1325 -1326 1327 1328 1329 -1330 -1331 -1332 1333 1334 1335 -1336
v -1337 -1338 1339 1340 1341 -1342 -1343 -1344 1345 1346 1347 -1348 -1349
v -1350 1351 1352 1353 -1354 -1355 -1356 1357 1358 1359 -1360 -1361 -1362 1363
v 1364 1365 -1366 -1367 -1368 1369 1370 1371 -1372 -1373 -1374 1375 1376 1377
v -1378 -1379 -1380 1381 1382 1383 -1384 -1385 -1386 1387 1388 1389 -1390
v -1391 -1392 1393 1394 1395 -1396 -1397 -1398 1399 1400 1401 -1402 -1403
v -1404 1405 1406 1407 -1408 -1409 -1410 1411 1412 1413 1414 -1415 -1416 1417
v 1418 1419 1420 -1421 -1422 1423 1424 1425 1426 -1427 -1428 1429 1430 1431
v 1432 -1433 -1434 1435 1436 1437 1438 -1439 -1440 1441 1442 1443 1444 -1445
v -1446 1447 1448 1449 1450 -1451 -1452 1453 1454 1455 1456 -1457 -1458 1459
v 1460 1461 1462 -1463 -1464 1465 1466 1467 1468 -1469 -1470 1471 1472 1473
v 1474 -1475 -1476 1477 1478 1479 1480 -1481 -1482 1483 1484 1485 1486 -1487
v -1488 1489 1490 1491 1492 -1493 -1494 1495 1496 1497 1498 -1499 -1500 1501
v 1502 1503 1504 -1505 -1506 1507 1508 1509 1510 -1511 -1512 1513 1514 1515
v 1516 -1517 -1518 1519 1520 1521 1522 -1523 -1524 1525 1526 1527 1528 -1529
v -1530 1531 1532 1533 1534 -1535 -1536 1537 1538 1539 1540 -1541 -1542 1543
v 1544 1545 1546 -1547 -1548 1549 1550 1551 1552 -1553 -1554 1555 1556 1557
v 1558 -1559 -1560 1561 1562 1563 1564 -1565 -1566 1567 1568 1569 1570 -1571
v -1572 1573 1574 1575 1576 -1577 -1578 1579 1580 1581 1582 -1583 -1584 1585
v 1586 1587 1588 -1589 -1590 1591 1592 1593 1594 -1595 -1596 1597 1598 1599
v 1600 -1601 -1602 1603 1604 1605 1606 1607 -1608 1609 1610 1611 1612 1613
v -1614 1615 1616 1617 1618 1619 -1620 1621 1622 1623 1624 1625 1626 1627 1628
v 1629 1630 1631 1632 1633 1634 1635 1636 1637 1638 1639 1640 1641 1642 1643
v 1644 1645 1646 1647 1648 1649 1650 1651 1652 1653 1654 1655 1656 1657 1658
v 1659 1660 1661 1662 1663 1664 1665 1666 1667 1668 1669 1670 1671 1672 1673
v 1674 1675 1676 1677 1678 1679 1680 1681 1682 1683 1684 1685 1686 1687 1688
v 1689 1690 1691 1692 1693 1694 1695 1696 1697 1698 1699 1700 1701 1702 1703
v 1704 1705 1706 1707 1708 1709 1710 1711 1712 1713 1714 1715 1716 1717 1718
v 1719 1720 1721 1722 0
c 
c --- [ run-time profiling ] -------------------------------------------------
c 
c process time taken by individual solving procedures
c (percentage relative to process time for solving)
c 
c         0.14   90.00% search
c         0.09   60.00% unstable
c         0.05   30.00% stable
c         0.02   10.00% subsume
c         0.02   10.00% simplify
c         0.00    0.00% parse
c   =================================
c         0.16  100.00% solve
c 
c last line shows process time for solving
c (percentage relative to total process time)
c 
c --- [ statistics ] ---------------------------------------------------------
c 
c chronological:              2116        31.16 %  of conflicts
c conflicts:                  6790     43456.00    per second
c decisions:                 16009    102457.60    per second
c eliminated:                  898        52.15 %  of all variables
c fixed:                       123         7.14 %  of all variables
c learned:                    6579        96.89 %  per conflict
c learned_lits:             139276       100.00 %  learned literals
c minimized:                     0         0.00 %  learned literals
c shrunken:                  23103        16.59 %  learned literals
c minishrunken:              17035        12.23 %  learned literals
c propagations:            1838794        11.77 M  per second
c reduced:                     538         7.92 %  per conflict
c rephased:                      3      2263.33    interval
c restarts:                    527        12.88    interval
c stabilizing:                   1        29.46 %  of conflicts
c subsumed:                   1535         4.09 %  of all clauses
c strengthened:               1590         4.23 %  of all clauses
c ternary:                     500         1.28 %  of resolved
c vivified:                     19         0.05 %  of all clauses
c weakened:                   3249         2.73    average size
c 
c seconds are measured in process time for solving
c 
c --- [ resources ] ----------------------------------------------------------
c 
c total process time since initialization:         0.16    seconds
c total real time since initialization:            0.20    seconds
c maximum resident set size of process:            3.91    MB
c 
c --- [ shutting down ] ------------------------------------------------------
c 
c exit 10
