c --- [ banner ] -------------------------------------------------------------
c 
c CaDiCaL Radically Simplified CDCL SAT Solver
c Copyright (c) 2016-2021 A. Biere, M. Fleury, N. Froleyks
c 
c Version 1.5.2
c g++ (Ubuntu 9.3.0-17ubuntu1~20.04) 9.3.0 -Wall -Wextra -O3 -DNDEBUG
c Tue Dec 7 10:47:50 CST 2021 Linux DESKTOP-LKAV4VA 4.4.0-19041-Microsoft x86_64
c 
c --- [ parsing input ] ------------------------------------------------------
c 
c reading DIMACS file from 'Problem-Round3-Cor4.cnf'
c opening file to read 'Problem-Round3-Cor4.cnf'
c found 'p cnf 556 1930' header
c parsed 1930 clauses in 0.00 seconds process time
c closing file 'Problem-Round3-Cor4.cnf'
c after reading 34071 bytes 0.0 MB
c 
c --- [ options ] ------------------------------------------------------------
c 
c all options are set to their default value
c 
c --- [ solving ] ------------------------------------------------------------
c 
c time measured in process time since initialization
c 
c  seconds  reductions  redundant irredundant
c         MB    restarts       trail    variables
c          level   conflicts       glue     remaining
c 
c *  0.00  2  0 0   0    0    0  0% 0 1885 509 92%
c {  0.00  2  0 0   0    0    0  0% 0 1885 509 92%
c i  0.00  2 36 0  11  184  135 69% 4 1885 508 91%
c -  0.00  2 25 1  13  300  198 69% 4 1657 508 91%
c }  0.00  2 22 1  15  359  243 69% 4 1657 508 91%
c 1  0.00  2 22 1  15  359  243 69% 4 1657 508 91%
c 
c --- [ result ] -------------------------------------------------------------
c 
s SATISFIABLE
v -1 -2 -3 -4 -5 6 -7 -8 -9 -10 -11 -12 -13 -14 15 -16 -17 -18 -19 -20 -21 22
v -23 -24 -25 -26 -27 -28 29 -30 31 32 -33 -34 -35 -36 -37 38 39 -40 -41 -42
v -43 -44 -45 -46 -47 -48 -49 -50 -51 -52 -53 -54 -55 -56 -57 -58 -59 -60 61
v 62 -63 -64 -65 -66 -67 -68 -69 -70 -71 -72 -73 -74 -75 -76 -77 -78 -79 -80
v -81 -82 -83 -84 -85 -86 -87 -88 -89 -90 -91 -92 93 -94 -95 -96 -97 -98 -99
v -100 -101 -102 -103 -104 -105 -106 107 -108 -109 -110 -111 -112 -113 -114
v -115 -116 -117 -118 -119 -120 -121 -122 123 -124 -125 -126 -127 -128 -129
v -130 -131 -132 -133 -134 135 -136 -137 -138 -139 -140 -141 142 -143 -144
v -145 -146 -147 -148 -149 150 -151 -152 -153 -154 -155 -156 157 -158 -159
v -160 -161 -162 -163 -164 -165 -166 -167 -168 -169 -170 -171 -172 -173 -174
v 175 176 -177 -178 -179 -180 -181 182 183 -184 -185 -186 -187 -188 189 190
v -191 -192 -193 -194 -195 -196 -197 -198 -199 -200 -201 -202 -203 -204 205
v 206 -207 -208 -209 -210 -211 -212 -213 -214 -215 -216 -217 -218 -219 -220
v -221 222 223 -224 -225 -226 -227 -228 -229 -230 -231 -232 -233 -234 -235
v -236 237 238 239 -240 -241 -242 -243 -244 -245 -246 -247 -248 -249 -250 -251
v -252 -253 -254 255 -256 -257 -258 -259 -260 -261 -262 -263 -264 -265 -266
v -267 -268 269 -270 -271 -272 -273 -274 -275 -276 -277 -278 -279 -280 -281
v -282 -283 -284 285 -286 -287 -288 -289 -290 -291 -292 -293 -294 -295 -296
v -297 -298 -299 -300 -301 -302 -303 -304 -305 -306 -307 -308 -309 -310 -311
v -312 -313 -314 -315 -316 -317 -318 -319 -320 -321 -322 -323 -324 -325 -326
v -327 -328 -329 -330 -331 -332 333 -334 -335 -336 -337 -338 -339 -340 -341
v -342 -343 -344 -345 -346 -347 -348 -349 -350 -351 -352 -353 -354 -355 -356
v -357 -358 -359 -360 -361 -362 363 -364 -365 -366 -367 -368 -369 -370 -371
v -372 -373 -374 -375 -376 -377 -378 -379 -380 -381 -382 -383 -384 -385 -386
v -387 -388 -389 -390 -391 -392 -393 -394 -395 -396 -397 -398 -399 -400 -401
v -402 -403 -404 -405 -406 -407 -408 -409 -410 -411 -412 -413 -414 -415 -416
v -417 -418 -419 -420 -421 -422 -423 -424 -425 -426 -427 -428 -429 -430 -431
v -432 -433 -434 -435 -436 -437 -438 -439 -440 -441 -442 -443 -444 -445 -446
v -447 -448 -449 -450 -451 -452 -453 -454 -455 -456 -457 -458 -459 -460 -461
v -462 -463 -464 -465 -466 -467 -468 -469 -470 -471 -472 -473 -474 -475 -476
v -477 -478 -479 -480 -481 -482 -483 -484 485 -486 -487 -488 489 490 -491 -492
v 493 494 -495 -496 497 498 -499 -500 501 502 -503 -504 505 506 -507 -508 509
v 510 -511 -512 513 514 -515 -516 517 518 -519 -520 521 522 523 -524 525 526
v 527 -528 529 530 531 -532 533 534 535 -536 537 538 539 -540 541 542 543 -544
v 545 546 547 -548 549 550 551 552 553 554 555 556 0
c 
c --- [ run-time profiling ] -------------------------------------------------
c 
c process time taken by individual solving procedures
c (percentage relative to process time for solving)
c 
c         0.00    0.00% parse
c         0.00    0.00% search
c         0.00    0.00% simplify
c   =================================
c         0.00    0.00% solve
c 
c last line shows process time for solving
c (percentage relative to total process time)
c 
c --- [ statistics ] ---------------------------------------------------------
c 
c chronological:               129        35.93 %  of conflicts
c conflicts:                   359         0.00    per second
c decisions:                   707         0.00    per second
c fixed:                        48         8.63 %  of all variables
c learned:                     340        94.71 %  per conflict
c learned_lits:               3398       100.00 %  learned literals
c minimized:                     0         0.00 %  learned literals
c shrunken:                    627        18.45 %  learned literals
c minishrunken:                202         5.94 %  learned literals
c propagations:              39462         0.00 M  per second
c restarts:                     15        23.93    interval
c subsumed:                     55         1.24 %  of all clauses
c 
c seconds are measured in process time for solving
c 
c --- [ resources ] ----------------------------------------------------------
c 
c total process time since initialization:         0.00    seconds
c total real time since initialization:            0.01    seconds
c maximum resident set size of process:            2.28    MB
c 
c --- [ shutting down ] ------------------------------------------------------
c 
c exit 10
