c --- [ banner ] -------------------------------------------------------------
c 
c CaDiCaL Radically Simplified CDCL SAT Solver
c Copyright (c) 2016-2021 A. Biere, M. Fleury, N. Froleyks
c 
c Version 1.5.2
c g++ (Ubuntu 9.3.0-17ubuntu1~20.04) 9.3.0 -Wall -Wextra -O3 -DNDEBUG
c Tue Dec 7 10:47:50 CST 2021 Linux DESKTOP-LKAV4VA 4.4.0-19041-Microsoft x86_64
c 
c --- [ parsing input ] ------------------------------------------------------
c 
c reading DIMACS file from 'Problem-Round3-Cor3.cnf'
c opening file to read 'Problem-Round3-Cor3.cnf'
c found 'p cnf 509 1822' header
c parsed 1822 clauses in 0.00 seconds process time
c closing file 'Problem-Round3-Cor3.cnf'
c after reading 31439 bytes 0.0 MB
c 
c --- [ options ] ------------------------------------------------------------
c 
c all options are set to their default value
c 
c --- [ solving ] ------------------------------------------------------------
c 
c time measured in process time since initialization
c 
c  seconds  reductions  redundant irredundant
c         MB    restarts       trail    variables
c          level   conflicts       glue     remaining
c 
c *  0.00  2  0 0   0    0    0  0% 0 1782 463 91%
c {  0.00  2  0 0   0    0    0  0% 0 1782 463 91%
c i  0.00  2 47 0   1   77   66 65% 3 1782 456 90%
c }  0.00  2 22 0   1  188  146 67% 3 1782 456 90%
c 1  0.00  2 22 0   1  188  146 67% 3 1782 456 90%
c 
c --- [ result ] -------------------------------------------------------------
c 
s SATISFIABLE
v -1 -2 -3 -4 -5 -6 -7 -8 -9 -10 -11 -12 -13 -14 -15 -16 -17 -18 -19 -20 -21
v 22 -23 -24 -25 -26 -27 -28 -29 -30 31 32 -33 -34 -35 36 -37 -38 -39 -40 -41
v -42 -43 -44 45 46 -47 -48 -49 -50 -51 52 -53 -54 -55 -56 -57 -58 -59 -60 61
v 62 -63 -64 -65 -66 -67 68 -69 -70 -71 -72 73 -74 -75 -76 -77 -78 -79 -80 -81
v -82 -83 -84 -85 -86 -87 -88 89 -90 91 92 -93 -94 -95 -96 -97 -98 -99 -100
v -101 -102 103 -104 -105 -106 107 -108 -109 110 -111 112 -113 -114 -115 -116
v -117 -118 119 -120 -121 -122 -123 -124 -125 126 -127 -128 -129 -130 -131
v -132 -133 -134 -135 -136 -137 -138 -139 -140 -141 -142 -143 -144 -145 -146
v -147 -148 -149 -150 -151 -152 -153 -154 -155 -156 -157 -158 -159 -160 -161
v -162 -163 -164 -165 166 -167 -168 -169 -170 -171 -172 -173 -174 175 176 -177
v -178 -179 -180 -181 -182 -183 -184 -185 -186 -187 -188 -189 -190 -191 -192
v -193 -194 -195 196 -197 -198 -199 -200 -201 -202 -203 -204 205 206 -207 -208
v -209 -210 -211 -212 213 -214 -215 -216 -217 -218 -219 220 -221 -222 -223
v -224 -225 -226 -227 228 -229 -230 -231 -232 -233 -234 235 -236 -237 -238
v -239 -240 -241 -242 -243 -244 -245 -246 -247 -248 -249 -250 251 -252 253 254
v -255 -256 -257 -258 -259 260 -261 -262 -263 -264 -265 -266 267 268 -269 -270
v -271 -272 -273 -274 -275 -276 -277 -278 -279 -280 281 -282 283 284 -285 -286
v -287 -288 -289 -290 -291 -292 -293 -294 -295 -296 -297 -298 -299 300 -301
v -302 -303 -304 -305 -306 -307 -308 -309 -310 -311 -312 -313 -314 315 316
v -317 -318 -319 320 -321 -322 -323 -324 -325 -326 -327 -328 329 -330 -331
v -332 -333 -334 -335 336 -337 -338 -339 -340 -341 -342 -343 -344 -345 -346
v 347 -348 -349 -350 -351 352 -353 -354 -355 -356 -357 -358 359 -360 -361 -362
v -363 -364 -365 366 -367 -368 -369 -370 -371 -372 -373 -374 -375 -376 -377
v -378 -379 -380 -381 -382 -383 -384 -385 -386 -387 -388 -389 -390 -391 -392
v -393 -394 -395 -396 -397 -398 -399 -400 -401 402 -403 -404 405 -406 -407 408
v -409 -410 411 -412 -413 414 -415 -416 417 -418 -419 420 -421 -422 423 -424
v -425 426 -427 -428 429 430 -431 432 433 -434 435 436 -437 438 439 -440 441
v 442 -443 444 445 -446 447 448 -449 450 451 452 453 454 455 456 457 458 459
v 460 461 462 463 464 465 466 467 468 469 470 471 472 473 474 475 476 477 478
v 479 480 481 482 483 484 485 486 487 488 489 490 491 492 493 494 495 496 497
v 498 499 500 501 502 503 504 505 506 507 508 509 0
c 
c --- [ run-time profiling ] -------------------------------------------------
c 
c process time taken by individual solving procedures
c (percentage relative to process time for solving)
c 
c         0.00    0.00% parse
c         0.00    0.00% search
c         0.00    0.00% simplify
c   =================================
c         0.00    0.00% solve
c 
c last line shows process time for solving
c (percentage relative to total process time)
c 
c --- [ statistics ] ---------------------------------------------------------
c 
c chronological:                67        35.64 %  of conflicts
c conflicts:                   188         0.00    per second
c decisions:                   358         0.00    per second
c fixed:                        53        10.41 %  of all variables
c learned:                     182        96.81 %  per conflict
c learned_lits:               1559       100.00 %  learned literals
c minimized:                     0         0.00 %  learned literals
c shrunken:                    409        26.23 %  learned literals
c minishrunken:                 76         4.87 %  learned literals
c propagations:              18537         0.00 M  per second
c restarts:                      1       188.00    interval
c subsumed:                     35         0.89 %  of all clauses
c 
c seconds are measured in process time for solving
c 
c --- [ resources ] ----------------------------------------------------------
c 
c total process time since initialization:         0.00    seconds
c total real time since initialization:            0.00    seconds
c maximum resident set size of process:            2.21    MB
c 
c --- [ shutting down ] ------------------------------------------------------
c 
c exit 10
