c --- [ banner ] -------------------------------------------------------------
c 
c CaDiCaL Radically Simplified CDCL SAT Solver
c Copyright (c) 2016-2021 A. Biere, M. Fleury, N. Froleyks
c 
c Version 1.5.2
c g++ (Ubuntu 9.3.0-17ubuntu1~20.04) 9.3.0 -Wall -Wextra -O3 -DNDEBUG
c Tue Dec 7 10:47:50 CST 2021 Linux DESKTOP-LKAV4VA 4.4.0-19041-Microsoft x86_64
c 
c --- [ parsing input ] ------------------------------------------------------
c 
c reading DIMACS file from 'Problem-Round4-Cor8.cnf'
c opening file to read 'Problem-Round4-Cor8.cnf'
c found 'p cnf 1976 6243' header
c parsed 6243 clauses in 0.00 seconds process time
c closing file 'Problem-Round4-Cor8.cnf'
c after reading 115661 bytes 0.1 MB
c 
c --- [ options ] ------------------------------------------------------------
c 
c all options are set to their default value
c 
c --- [ solving ] ------------------------------------------------------------
c 
c time measured in process time since initialization
c 
c  seconds  reductions  redundant irredundant
c         MB    restarts       trail    variables
c          level   conflicts       glue      remaining
c 
c *  0.00  3  0 0   0    0    0  0% 0 6144 1901 96%
c {  0.00  3  0 0   0    0    0  0% 0 6144 1901 96%
c -  0.02  3 106 1  15  303  285 69% 4 5824 1901 96%
c -  0.02  3 46 2  55  904  811 67% 4 5824 1901 96%
c }  0.02  3 43 2  79 1003  900 67% 4 5824 1901 96%
c [  0.02  3  0 2  79 1003  900  0% 0 5824 1901 96%
c O  0.02  3 33 2  79 1004  901 42% 3 5824 1901 96%
c -  0.05  3 12 3  79 1807 1422 57% 6 5824 1901 96%
c ]  0.06  3 14 3  80 3003 2332 59% 7 5824 1901 96%
c {  0.06  3 43 3  80 3003 2332 67% 4 5824 1901 96%
c F  0.06  3 43 3  81 3005 2334 67% 4 5824 1901 96%
c -  0.06  3 43 4  83 3010 2004 67% 4 5824 1901 96%
c s  0.08  4 36 4 152 3387 2202 65% 4 5453 1901 96%
c v  0.08  4 36 4 152 3387 2202 65% 4 5443 1901 96%
c w  0.08  4 36 4 152 3387 2199 65% 4 5443 1901 96%
c t  0.08  4 36 4 152 3387 2193 65% 4 5437 1901 96%
c e  0.08  4 36 4 152 3387  414 65% 4 3838 851 43%
c s  0.08  4 36 4 152 3387  330 65% 4 3735 851 43%
c -  0.11  4 25 5 255 4513 1283 65% 4 3733 851 43%
c i  0.11  4 24 5 262 4638 1395 65% 4 3733 837 42%
c 
c  seconds  reductions  redundant irredundant
c         MB    restarts       trail    variables
c          level   conflicts       glue     remaining
c 
c i  0.11  4 24 5 262 4639 1395 65% 4 3733 836 42%
c 3  0.11  4 23 5 334 5001 2140 64% 5 3733 836 42%
c 2  0.11  4 23 5 334 5001 2202 64% 5 3733 836 42%
c p  0.11  4 23 5 334 5001 4634 64% 5 3733 787 40%
c #  0.14  4 20 5 464 6007 5524 65% 5 3733 787 40%
c -  0.14  4 20 6 503 6314 3061 65% 5 3528 787 40%
c i  0.14  4 19 6 554 6745 3388 65% 5 3528 786 40%
c }  0.16  4 18 6 616 7003 3628 65% 5 3528 786 40%
c [  0.16  4 14 6 616 7003 3628 138% 7 3528 786 40%
c ]  0.17  4 16 6 617 7975 4514 116% 8 3528 786 40%
c 1  0.17  4 16 6 617 7975 4514 116% 8 3528 786 40%
c 
c --- [ result ] -------------------------------------------------------------
c 
s SATISFIABLE
v -1 -2 -3 -4 -5 -6 -7 -8 -9 -10 -11 -12 -13 -14 -15 -16 -17 -18 -19 -20 -21
v -22 -23 -24 -25 -26 -27 28 -29 -30 31 -32 -33 -34 -35 36 -37 -38 -39 -40 -41
v 42 -43 -44 -45 -46 -47 -48 -49 -50 -51 -52 -53 -54 -55 -56 -57 -58 -59 -60
v -61 -62 -63 -64 -65 -66 -67 -68 -69 -70 -71 -72 -73 -74 -75 -76 -77 -78 -79
v -80 -81 -82 -83 -84 -85 -86 -87 -88 -89 -90 -91 -92 -93 -94 -95 -96 -97 -98
v -99 100 101 -102 103 -104 -105 -106 -107 -108 -109 -110 -111 -112 -113 -114
v -115 -116 -117 -118 -119 -120 -121 -122 -123 -124 -125 -126 -127 -128 129
v 130 -131 132 -133 -134 -135 -136 -137 -138 -139 -140 -141 -142 -143 -144
v -145 -146 -147 -148 -149 -150 -151 -152 -153 -154 -155 -156 -157 -158 -159
v -160 161 162 -163 164 -165 -166 -167 -168 -169 -170 -171 -172 -173 -174 -175
v -176 -177 -178 -179 -180 -181 -182 -183 -184 -185 -186 -187 -188 -189 -190
v -191 -192 193 -194 -195 -196 -197 198 -199 -200 -201 -202 -203 204 205 -206
v -207 -208 -209 -210 -211 -212 -213 -214 -215 -216 -217 -218 -219 -220 -221
v 222 223 -224 225 -226 -227 -228 -229 230 -231 -232 233 -234 -235 -236 -237
v -238 -239 -240 -241 -242 -243 -244 -245 -246 -247 -248 -249 -250 -251 -252
v -253 254 255 -256 -257 -258 -259 -260 -261 262 -263 -264 265 266 267 268
v -269 270 -271 -272 273 -274 -275 276 -277 -278 -279 -280 -281 -282 283 284
v -285 286 -287 -288 -289 -290 -291 -292 -293 -294 -295 -296 -297 -298 299 300
v -301 -302 -303 -304 305 -306 -307 -308 -309 -310 -311 -312 -313 -314 315 316
v -317 318 -319 -320 -321 -322 -323 -324 325 -326 -327 328 -329 -330 -331 -332
v -333 -334 -335 -336 -337 -338 -339 -340 -341 -342 -343 -344 -345 -346 -347
v -348 -349 -350 -351 -352 -353 -354 -355 356 -357 -358 359 360 -361 -362 -363
v -364 -365 -366 -367 -368 -369 -370 -371 -372 -373 -374 -375 -376 -377 -378
v -379 -380 -381 -382 -383 -384 -385 -386 -387 -388 -389 -390 391 392 -393 394
v -395 -396 -397 -398 -399 -400 -401 -402 -403 -404 -405 -406 -407 -408 -409
v -410 -411 -412 -413 -414 -415 -416 -417 -418 -419 420 421 -422 423 -424 -425
v -426 -427 -428 -429 -430 -431 -432 -433 -434 -435 -436 -437 -438 -439 -440
v -441 -442 -443 -444 -445 -446 -447 -448 -449 -450 -451 452 453 -454 455 -456
v -457 -458 -459 -460 -461 -462 -463 -464 -465 -466 -467 -468 -469 -470 -471
v -472 -473 -474 -475 -476 -477 -478 -479 -480 -481 -482 -483 -484 -485 -486
v -487 -488 -489 -490 -491 -492 -493 -494 -495 -496 -497 -498 -499 -500 -501
v -502 -503 -504 -505 -506 -507 -508 -509 -510 -511 -512 -513 -514 -515 -516
v -517 -518 -519 -520 -521 -522 -523 -524 -525 -526 -527 -528 -529 -530 -531
v -532 -533 -534 -535 -536 -537 -538 -539 -540 -541 -542 -543 -544 -545 -546
v -547 548 549 -550 551 -552 -553 -554 -555 -556 -557 -558 -559 -560 -561 -562
v -563 -564 -565 -566 -567 -568 -569 -570 -571 -572 -573 -574 -575 -576 -577
v -578 -579 -580 -581 -582 -583 -584 -585 -586 -587 -588 -589 -590 -591 -592
v -593 -594 -595 -596 -597 -598 -599 -600 -601 -602 -603 -604 -605 -606 -607
v -608 609 610 -611 612 -613 -614 -615 -616 -617 -618 -619 -620 -621 -622 -623
v -624 -625 -626 -627 -628 -629 -630 -631 -632 -633 -634 -635 -636 -637 -638
v -639 -640 -641 -642 -643 -644 -645 -646 -647 -648 -649 650 -651 -652 653
v -654 -655 -656 -657 -658 -659 -660 -661 -662 -663 -664 -665 -666 -667 -668
v -669 -670 -671 -672 -673 -674 -675 -676 -677 -678 -679 -680 681 -682 -683
v 684 -685 -686 -687 -688 -689 -690 -691 -692 -693 -694 -695 -696 -697 -698
v -699 -700 -701 -702 -703 -704 705 706 -707 708 -709 -710 -711 -712 713 -714
v -715 716 -717 -718 -719 -720 -721 -722 -723 -724 -725 -726 -727 -728 -729
v -730 -731 -732 -733 -734 -735 -736 -737 -738 -739 -740 -741 -742 -743 -744
v 745 -746 -747 748 749 -750 -751 -752 -753 -754 -755 -756 -757 -758 -759 -760
v -761 -762 -763 -764 -765 -766 -767 -768 769 -770 -771 -772 -773 774 -775
v -776 777 -778 -779 -780 -781 -782 -783 -784 -785 -786 -787 -788 -789 -790
v -791 -792 -793 -794 -795 -796 -797 798 799 -800 -801 -802 -803 -804 -805
v -806 807 -808 -809 810 -811 -812 -813 -814 815 -816 -817 -818 -819 -820 821
v -822 -823 -824 -825 -826 -827 -828 -829 -830 -831 -832 -833 -834 -835 -836
v -837 838 -839 -840 841 -842 -843 -844 -845 846 847 -848 -849 -850 -851 852
v -853 -854 -855 -856 -857 -858 -859 -860 -861 -862 -863 -864 865 -866 -867
v -868 -869 -870 -871 -872 -873 -874 -875 -876 -877 878 879 -880 -881 -882
v -883 884 -885 -886 -887 -888 -889 -890 -891 -892 -893 894 895 -896 -897 -898
v -899 -900 -901 902 -903 -904 905 906 -907 -908 -909 910 -911 -912 -913 -914
v -915 916 -917 -918 -919 -920 -921 -922 -923 -924 -925 -926 -927 -928 -929
v -930 -931 -932 -933 -934 -935 -936 -937 -938 939 940 -941 -942 -943 -944 945
v -946 -947 -948 -949 -950 -951 -952 -953 -954 955 956 -957 958 -959 -960 -961
v -962 -963 -964 -965 -966 -967 -968 -969 -970 -971 -972 -973 -974 -975 -976
v -977 -978 -979 -980 -981 -982 -983 -984 -985 -986 -987 -988 -989 -990 -991
v -992 -993 -994 -995 -996 -997 -998 -999 -1000 -1001 -1002 -1003 -1004 -1005
v -1006 -1007 -1008 1009 -1010 -1011 -1012 -1013 -1014 -1015 -1016 1017 -1018
v -1019 -1020 -1021 -1022 -1023 -1024 1025 -1026 -1027 -1028 -1029 -1030 -1031
v -1032 1033 1034 -1035 -1036 -1037 -1038 -1039 -1040 1041 1042 -1043 -1044
v -1045 -1046 -1047 -1048 1049 1050 -1051 -1052 -1053 -1054 -1055 -1056 1057
v 1058 -1059 -1060 -1061 -1062 -1063 -1064 1065 1066 -1067 -1068 -1069 -1070
v -1071 -1072 1073 1074 1075 -1076 -1077 -1078 -1079 -1080 1081 1082 1083
v -1084 -1085 -1086 -1087 -1088 1089 1090 1091 -1092 -1093 -1094 -1095 -1096
v 1097 1098 1099 -1100 -1101 -1102 -1103 -1104 1105 1106 1107 -1108 -1109
v -1110 -1111 -1112 1113 1114 1115 -1116 -1117 -1118 -1119 -1120 1121 1122
v 1123 1124 -1125 -1126 -1127 -1128 1129 1130 1131 1132 -1133 -1134 -1135
v -1136 1137 1138 1139 1140 -1141 -1142 -1143 -1144 1145 1146 1147 1148 -1149
v -1150 -1151 -1152 1153 1154 1155 1156 -1157 -1158 -1159 -1160 1161 1162 1163
v 1164 -1165 -1166 -1167 -1168 1169 1170 1171 1172 -1173 -1174 -1175 -1176
v 1177 1178 1179 1180 -1181 -1182 -1183 -1184 1185 1186 1187 1188 -1189 -1190
v -1191 -1192 1193 1194 1195 1196 -1197 -1198 -1199 -1200 1201 1202 1203 1204
v -1205 -1206 -1207 -1208 1209 1210 1211 1212 -1213 -1214 -1215 -1216 1217
v 1218 1219 1220 -1221 -1222 -1223 -1224 1225 1226 1227 1228 -1229 -1230 -1231
v -1232 1233 1234 1235 1236 -1237 -1238 -1239 -1240 1241 1242 1243 1244 -1245
v -1246 -1247 -1248 1249 1250 1251 1252 -1253 -1254 -1255 -1256 1257 1258 1259
v 1260 -1261 -1262 -1263 -1264 1265 1266 1267 1268 -1269 -1270 -1271 -1272
v 1273 1274 1275 1276 -1277 -1278 -1279 -1280 1281 1282 1283 1284 -1285 -1286
v -1287 -1288 1289 1290 1291 1292 1293 -1294 -1295 -1296 1297 1298 1299 1300
v 1301 -1302 -1303 -1304 1305 1306 1307 1308 1309 -1310 -1311 -1312 1313 1314
v 1315 1316 1317 1318 -1319 -1320 1321 1322 1323 1324 1325 1326 -1327 -1328
v 1329 1330 1331 1332 1333 1334 -1335 -1336 1337 1338 1339 1340 1341 1342
v -1343 -1344 1345 1346 1347 1348 1349 1350 -1351 -1352 1353 1354 1355 1356
v 1357 1358 -1359 -1360 1361 1362 1363 1364 1365 1366 -1367 -1368 1369 1370
v 1371 1372 1373 1374 -1375 -1376 1377 1378 1379 1380 1381 1382 -1383 -1384
v 1385 1386 1387 1388 1389 1390 -1391 -1392 1393 1394 1395 1396 1397 1398
v -1399 -1400 1401 1402 1403 1404 1405 1406 -1407 -1408 1409 1410 1411 1412
v 1413 1414 -1415 -1416 1417 1418 1419 1420 1421 1422 -1423 -1424 1425 1426
v 1427 1428 1429 1430 -1431 -1432 1433 1434 1435 1436 1437 1438 -1439 -1440
v 1441 1442 1443 1444 1445 1446 -1447 -1448 1449 1450 1451 1452 1453 1454
v -1455 -1456 1457 1458 1459 1460 1461 1462 -1463 -1464 1465 1466 1467 1468
v 1469 1470 -1471 -1472 1473 1474 1475 1476 1477 1478 -1479 -1480 1481 1482
v 1483 1484 1485 1486 -1487 -1488 1489 1490 1491 1492 1493 1494 -1495 -1496
v 1497 1498 1499 1500 1501 1502 -1503 -1504 1505 1506 1507 1508 1509 1510
v -1511 -1512 1513 1514 1515 1516 1517 1518 -1519 -1520 1521 1522 1523 1524
v 1525 1526 -1527 -1528 1529 1530 1531 1532 1533 1534 -1535 -1536 1537 1538
v 1539 1540 1541 1542 -1543 -1544 1545 1546 1547 1548 1549 1550 -1551 -1552
v 1553 1554 1555 1556 1557 1558 -1559 -1560 1561 1562 1563 1564 1565 1566
v -1567 -1568 1569 1570 1571 1572 1573 1574 -1575 -1576 1577 1578 1579 1580
v 1581 1582 -1583 -1584 1585 1586 1587 1588 1589 1590 -1591 -1592 1593 1594
v 1595 1596 1597 1598 -1599 -1600 1601 1602 1603 1604 1605 1606 -1607 -1608
v 1609 1610 1611 1612 1613 1614 -1615 -1616 1617 1618 1619 1620 1621 1622
v -1623 -1624 1625 1626 1627 1628 1629 1630 -1631 -1632 1633 1634 1635 1636
v 1637 1638 -1639 -1640 1641 1642 1643 1644 1645 1646 -1647 -1648 1649 1650
v 1651 1652 1653 1654 -1655 -1656 1657 1658 1659 1660 1661 1662 -1663 -1664
v 1665 1666 1667 1668 1669 1670 -1671 -1672 1673 1674 1675 1676 1677 1678
v -1679 -1680 1681 1682 1683 1684 1685 1686 -1687 -1688 1689 1690 1691 1692
v 1693 1694 -1695 -1696 1697 1698 1699 1700 1701 1702 -1703 -1704 1705 1706
v 1707 1708 1709 1710 -1711 -1712 1713 1714 1715 1716 1717 1718 -1719 -1720
v 1721 1722 1723 1724 1725 1726 -1727 -1728 1729 1730 1731 1732 1733 1734
v -1735 -1736 1737 1738 1739 1740 1741 1742 -1743 -1744 1745 1746 1747 1748
v 1749 1750 -1751 -1752 1753 1754 1755 1756 1757 1758 -1759 -1760 1761 1762
v 1763 1764 1765 1766 1767 -1768 1769 1770 1771 1772 1773 1774 1775 -1776 1777
v 1778 1779 1780 1781 1782 1783 -1784 1785 1786 1787 1788 1789 1790 1791 1792
v 1793 1794 1795 1796 1797 1798 1799 1800 1801 1802 1803 1804 1805 1806 1807
v 1808 1809 1810 1811 1812 1813 1814 1815 1816 1817 1818 1819 1820 1821 1822
v 1823 1824 1825 1826 1827 1828 1829 1830 1831 1832 1833 1834 1835 1836 1837
v 1838 1839 1840 1841 1842 1843 1844 1845 1846 1847 1848 1849 1850 1851 1852
v 1853 1854 1855 1856 1857 1858 1859 1860 1861 1862 1863 1864 1865 1866 1867
v 1868 1869 1870 1871 1872 1873 1874 1875 1876 1877 1878 1879 1880 1881 1882
v 1883 1884 1885 1886 1887 1888 1889 1890 1891 1892 1893 1894 1895 1896 1897
v 1898 1899 1900 1901 1902 1903 1904 1905 1906 1907 1908 1909 1910 1911 1912
v 1913 1914 1915 1916 1917 1918 1919 1920 1921 1922 1923 1924 1925 1926 1927
v 1928 1929 1930 1931 1932 1933 1934 1935 1936 1937 1938 1939 1940 1941 1942
v 1943 1944 1945 1946 1947 1948 1949 1950 1951 1952 1953 1954 1955 1956 1957
v 1958 1959 1960 1961 1962 1963 1964 1965 1966 1967 1968 1969 1970 1971 1972
v 1973 1974 1975 1976 0
c 
c --- [ run-time profiling ] -------------------------------------------------
c 
c process time taken by individual solving procedures
c (percentage relative to process time for solving)
c 
c         0.16   90.91% search
c         0.09   54.55% unstable
c         0.06   36.36% stable
c         0.02    9.09% simplify
c         0.02    9.09% elim
c         0.00    0.00% parse
c   =================================
c         0.17  100.00% solve
c 
c last line shows process time for solving
c (percentage relative to total process time)
c 
c --- [ statistics ] ---------------------------------------------------------
c 
c chronological:              2314        29.02 %  of conflicts
c conflicts:                  7975     46400.00    per second
c decisions:                 19189    111645.09    per second
c eliminated:                 1050        53.14 %  of all variables
c fixed:                       140         7.09 %  of all variables
c learned:                    7704        96.60 %  per conflict
c learned_lits:             142005       100.00 %  learned literals
c minimized:                     0         0.00 %  learned literals
c shrunken:                  22499        15.84 %  learned literals
c minishrunken:              18321        12.90 %  learned literals
c propagations:            1905587        11.09 M  per second
c reduced:                     702         8.80 %  per conflict
c rephased:                      3      2658.33    interval
c restarts:                    617        12.93    interval
c stabilizing:                   2        37.27 %  of conflicts
c subsumed:                   1774         4.34 %  of all clauses
c strengthened:               1571         3.85 %  of all clauses
c ternary:                     490         1.14 %  of resolved
c vivified:                     20         0.05 %  of all clauses
c weakened:                   3795         2.72    average size
c 
c seconds are measured in process time for solving
c 
c --- [ resources ] ----------------------------------------------------------
c 
c total process time since initialization:         0.17    seconds
c total real time since initialization:            0.19    seconds
c maximum resident set size of process:            3.85    MB
c 
c --- [ shutting down ] ------------------------------------------------------
c 
c exit 10
