c --- [ banner ] -------------------------------------------------------------
c 
c CaDiCaL Radically Simplified CDCL SAT Solver
c Copyright (c) 2016-2021 A. Biere, M. Fleury, N. Froleyks
c 
c Version 1.5.2
c g++ (Ubuntu 9.3.0-17ubuntu1~20.04) 9.3.0 -Wall -Wextra -O3 -DNDEBUG
c Tue Dec 7 10:47:50 CST 2021 Linux DESKTOP-LKAV4VA 4.4.0-19041-Microsoft x86_64
c 
c --- [ parsing input ] ------------------------------------------------------
c 
c reading DIMACS file from 'Problem-Round4-Cor8.cnf'
c opening file to read 'Problem-Round4-Cor8.cnf'
c found 'p cnf 1976 6245' header
c parsed 6245 clauses in 0.02 seconds process time
c closing file 'Problem-Round4-Cor8.cnf'
c after reading 116036 bytes 0.1 MB
c 
c --- [ options ] ------------------------------------------------------------
c 
c all options are set to their default value
c 
c --- [ solving ] ------------------------------------------------------------
c 
c time measured in process time since initialization
c 
c  seconds  reductions  redundant irredundant
c         MB    restarts       trail    variables
c          level   conflicts       glue      remaining
c 
c *  0.02  3  0 0   0    0    0  0% 0 6146 1901 96%
c {  0.02  3  0 0   0    0    0  0% 0 6146 1901 96%
c -  0.02  3 106 1  15  303  285 69% 4 5826 1901 96%
c -  0.03  3 46 2  55  904  811 67% 4 5826 1901 96%
c }  0.03  3 43 2  79 1003  900 67% 4 5826 1901 96%
c [  0.03  3  0 2  79 1003  900  0% 0 5826 1901 96%
c O  0.03  3 33 2  79 1004  901 42% 3 5826 1901 96%
c -  0.05  3 12 3  79 1807 1422 57% 6 5826 1901 96%
c ]  0.08  3 14 3  80 3003 2332 59% 7 5826 1901 96%
c {  0.08  3 43 3  80 3003 2332 67% 4 5826 1901 96%
c F  0.08  3 43 3  81 3005 2334 67% 4 5826 1901 96%
c -  0.08  3 43 4  83 3010 2004 67% 4 5826 1901 96%
c s  0.09  4 36 4 152 3387 2202 65% 4 5455 1901 96%
c v  0.09  4 36 4 152 3387 2202 65% 4 5445 1901 96%
c w  0.09  4 36 4 152 3387 2199 65% 4 5445 1901 96%
c t  0.09  4 36 4 152 3387 2193 65% 4 5439 1901 96%
c e  0.09  4 36 4 152 3387  414 65% 4 3839 851 43%
c s  0.09  4 36 4 152 3387  330 65% 4 3735 851 43%
c -  0.11  4 25 5 255 4513 1283 65% 4 3733 851 43%
c i  0.11  4 24 5 262 4638 1395 65% 4 3733 837 42%
c 
c  seconds  reductions  redundant irredundant
c         MB    restarts       trail    variables
c          level   conflicts       glue     remaining
c 
c i  0.11  4 24 5 262 4639 1395 65% 4 3733 836 42%
c 2  0.12  4 23 5 318 5001 2200 65% 5 3733 836 42%
c p  0.12  4 23 5 318 5001 4754 65% 5 3733 787 40%
c #  0.14  4 20 5 459 6011 5609 65% 5 3733 787 40%
c -  0.16  4 19 6 501 6313 3006 64% 5 3528 787 40%
c i  0.16  4 18 6 550 6904 3491 65% 5 3528 774 39%
c }  0.16  4 18 6 550 7003 3557 64% 5 3528 774 39%
c [  0.16  4 14 6 550 7003 3557 138% 7 3528 774 39%
c i  0.16  4 13 6 551 7107 3624 134% 7 3528 773 39%
c -  0.19  4 16 7 551 8414 3935 110% 8 3471 773 39%
c ]  0.19  4 16 7 551 8455 3973 110% 8 3471 773 39%
c 1  0.19  4 16 7 551 8455 3973 110% 8 3471 773 39%
c 
c --- [ result ] -------------------------------------------------------------
c 
s SATISFIABLE
v -1 -2 -3 -4 -5 -6 -7 -8 -9 -10 -11 -12 -13 -14 -15 -16 -17 -18 -19 20 -21
v -22 -23 -24 -25 -26 -27 -28 -29 -30 31 32 -33 -34 -35 -36 -37 -38 39 -40 -41
v 42 -43 -44 -45 -46 -47 -48 -49 -50 -51 -52 -53 -54 -55 -56 -57 -58 -59 60
v -61 -62 -63 -64 -65 -66 -67 -68 -69 -70 -71 -72 -73 -74 -75 -76 -77 -78 -79
v -80 -81 -82 -83 -84 -85 -86 -87 -88 -89 -90 -91 92 93 -94 -95 -96 -97 -98
v -99 -100 -101 -102 103 -104 -105 -106 -107 -108 -109 -110 -111 -112 -113
v -114 -115 -116 -117 -118 -119 -120 -121 -122 -123 -124 -125 -126 -127 -128
v 129 -130 -131 -132 -133 -134 -135 -136 -137 -138 -139 -140 -141 -142 -143
v -144 -145 -146 -147 -148 -149 -150 -151 -152 -153 -154 -155 -156 -157 -158
v -159 -160 161 -162 -163 164 -165 -166 -167 -168 -169 -170 -171 -172 -173
v -174 -175 -176 -177 -178 -179 -180 -181 -182 -183 -184 -185 -186 -187 -188
v -189 -190 -191 -192 193 -194 -195 -196 -197 198 199 -200 201 -202 -203 -204
v -205 -206 -207 -208 -209 -210 -211 -212 -213 -214 -215 -216 -217 -218 -219
v -220 -221 222 -223 -224 225 -226 -227 -228 -229 230 231 -232 -233 -234 -235
v -236 -237 -238 -239 -240 -241 -242 -243 -244 -245 -246 -247 -248 -249 -250
v -251 -252 -253 254 -255 -256 -257 -258 -259 260 -261 -262 263 -264 265 266
v 267 -268 -269 -270 271 -272 273 -274 -275 -276 -277 -278 -279 -280 -281 -282
v 283 -284 -285 286 -287 -288 -289 -290 -291 292 -293 294 -295 -296 -297 -298
v 299 -300 -301 302 303 -304 -305 -306 -307 -308 -309 -310 -311 -312 -313 -314
v 315 -316 -317 318 -319 -320 -321 -322 -323 -324 -325 -326 -327 328 -329 -330
v -331 -332 -333 -334 -335 -336 -337 -338 -339 -340 -341 -342 -343 -344 -345
v -346 -347 -348 349 -350 -351 -352 -353 -354 -355 -356 -357 -358 359 -360
v -361 -362 -363 -364 -365 -366 -367 -368 -369 -370 -371 -372 -373 -374 -375
v -376 -377 -378 -379 380 -381 -382 -383 -384 -385 -386 -387 -388 -389 -390
v -391 -392 -393 394 -395 -396 -397 -398 -399 -400 -401 -402 -403 -404 -405
v -406 -407 -408 -409 -410 -411 -412 -413 -414 -415 -416 -417 -418 -419 -420
v -421 -422 423 -424 -425 -426 -427 -428 -429 -430 -431 -432 -433 -434 -435
v -436 -437 -438 -439 -440 -441 -442 -443 444 445 -446 -447 -448 -449 -450
v -451 -452 -453 -454 455 -456 -457 -458 -459 -460 -461 -462 -463 -464 -465
v -466 -467 -468 -469 -470 -471 -472 -473 -474 -475 -476 -477 -478 -479 -480
v -481 -482 -483 -484 485 -486 -487 -488 -489 -490 -491 -492 -493 -494 -495
v -496 -497 -498 -499 -500 -501 -502 -503 -504 -505 -506 -507 -508 -509 -510
v -511 -512 -513 -514 -515 516 -517 -518 -519 -520 -521 -522 -523 -524 -525
v -526 -527 -528 -529 -530 -531 -532 -533 -534 -535 -536 -537 -538 -539 -540
v -541 -542 -543 -544 -545 -546 -547 548 -549 -550 551 -552 -553 -554 -555
v -556 -557 -558 -559 -560 -561 -562 -563 -564 -565 -566 -567 -568 -569 -570
v -571 -572 -573 -574 -575 -576 -577 -578 -579 580 -581 -582 -583 -584 -585
v -586 -587 -588 -589 -590 -591 -592 -593 -594 -595 -596 -597 -598 -599 -600
v -601 -602 -603 -604 -605 -606 -607 -608 609 -610 -611 612 -613 -614 -615
v -616 -617 -618 -619 -620 -621 -622 -623 -624 -625 -626 -627 -628 -629 -630
v -631 -632 -633 -634 -635 -636 -637 -638 -639 -640 -641 -642 -643 -644 -645
v -646 -647 -648 -649 650 -651 -652 -653 -654 -655 -656 -657 -658 -659 -660
v -661 -662 -663 -664 -665 -666 -667 -668 -669 -670 -671 -672 -673 -674 -675
v -676 -677 -678 -679 -680 681 682 -683 -684 -685 -686 -687 -688 -689 -690
v -691 -692 -693 -694 -695 -696 -697 -698 -699 -700 -701 -702 -703 -704 705
v -706 -707 708 -709 -710 -711 -712 713 714 -715 -716 -717 -718 -719 -720 -721
v -722 -723 -724 -725 -726 -727 -728 -729 -730 -731 -732 -733 -734 -735 -736
v -737 -738 -739 -740 -741 -742 -743 -744 745 -746 -747 -748 -749 -750 -751
v -752 -753 -754 -755 -756 -757 -758 -759 -760 -761 -762 -763 -764 -765 -766
v -767 -768 769 -770 -771 -772 -773 774 775 -776 -777 -778 -779 -780 -781 -782
v -783 -784 -785 -786 -787 -788 -789 -790 -791 -792 -793 -794 -795 -796 -797
v 798 -799 -800 -801 -802 -803 -804 -805 -806 807 -808 -809 810 -811 -812 -813
v -814 815 -816 -817 818 -819 -820 -821 -822 -823 -824 -825 -826 -827 -828
v -829 -830 -831 -832 -833 -834 -835 -836 -837 838 -839 -840 841 -842 -843
v -844 -845 846 -847 -848 849 850 -851 -852 -853 -854 -855 -856 -857 -858 -859
v -860 -861 -862 -863 -864 865 -866 -867 -868 -869 -870 871 -872 873 -874 -875
v -876 -877 878 -879 -880 881 882 -883 -884 -885 -886 -887 -888 -889 -890 -891
v -892 -893 894 -895 -896 -897 -898 -899 -900 -901 902 903 -904 905 906 -907
v -908 -909 910 -911 -912 913 -914 -915 -916 -917 -918 -919 -920 -921 -922
v -923 -924 -925 -926 -927 -928 -929 -930 -931 932 -933 934 -935 -936 -937
v -938 939 -940 -941 942 943 -944 -945 -946 -947 -948 -949 -950 -951 -952 -953
v -954 955 -956 -957 958 -959 -960 -961 -962 -963 -964 -965 -966 -967 -968
v -969 -970 -971 -972 -973 -974 -975 -976 -977 -978 -979 -980 -981 -982 -983
v -984 -985 -986 -987 -988 -989 -990 -991 -992 -993 -994 -995 -996 -997 -998
v -999 -1000 -1001 -1002 -1003 -1004 -1005 -1006 -1007 -1008 1009 -1010 -1011
v -1012 -1013 -1014 -1015 -1016 1017 -1018 -1019 -1020 -1021 -1022 -1023 -1024
v 1025 -1026 -1027 -1028 -1029 -1030 -1031 -1032 1033 1034 -1035 -1036 -1037
v -1038 -1039 -1040 1041 1042 -1043 -1044 -1045 -1046 -1047 -1048 1049 1050
v -1051 -1052 -1053 -1054 -1055 -1056 1057 1058 -1059 -1060 -1061 -1062 -1063
v -1064 1065 1066 -1067 -1068 -1069 -1070 -1071 -1072 1073 1074 1075 -1076
v -1077 -1078 -1079 -1080 1081 1082 1083 -1084 -1085 -1086 -1087 -1088 1089
v 1090 1091 -1092 -1093 -1094 -1095 -1096 1097 1098 1099 1100 -1101 -1102
v -1103 -1104 1105 1106 1107 1108 -1109 -1110 -1111 -1112 1113 1114 1115 1116
v -1117 -1118 -1119 -1120 1121 1122 1123 1124 -1125 -1126 -1127 -1128 1129
v 1130 1131 1132 -1133 -1134 -1135 -1136 1137 1138 1139 1140 -1141 -1142 -1143
v -1144 1145 1146 1147 1148 -1149 -1150 -1151 -1152 1153 1154 1155 1156 -1157
v -1158 -1159 -1160 1161 1162 1163 1164 -1165 -1166 -1167 -1168 1169 1170 1171
v 1172 -1173 -1174 -1175 -1176 1177 1178 1179 1180 -1181 -1182 -1183 -1184
v 1185 1186 1187 1188 -1189 -1190 -1191 -1192 1193 1194 1195 1196 -1197 -1198
v -1199 -1200 1201 1202 1203 1204 -1205 -1206 -1207 -1208 1209 1210 1211 1212
v -1213 -1214 -1215 -1216 1217 1218 1219 1220 -1221 -1222 -1223 -1224 1225
v 1226 1227 1228 -1229 -1230 -1231 -1232 1233 1234 1235 1236 -1237 -1238 -1239
v -1240 1241 1242 1243 1244 -1245 -1246 -1247 -1248 1249 1250 1251 1252 -1253
v -1254 -1255 -1256 1257 1258 1259 1260 -1261 -1262 -1263 -1264 1265 1266 1267
v 1268 -1269 -1270 -1271 -1272 1273 1274 1275 1276 -1277 -1278 -1279 -1280
v 1281 1282 1283 1284 -1285 -1286 -1287 -1288 1289 1290 1291 1292 1293 -1294
v -1295 -1296 1297 1298 1299 1300 1301 -1302 -1303 -1304 1305 1306 1307 1308
v 1309 -1310 -1311 -1312 1313 1314 1315 1316 1317 -1318 -1319 -1320 1321 1322
v 1323 1324 1325 -1326 -1327 -1328 1329 1330 1331 1332 1333 -1334 -1335 -1336
v 1337 1338 1339 1340 1341 -1342 -1343 -1344 1345 1346 1347 1348 1349 -1350
v -1351 -1352 1353 1354 1355 1356 1357 -1358 -1359 -1360 1361 1362 1363 1364
v 1365 -1366 -1367 -1368 1369 1370 1371 1372 1373 -1374 -1375 -1376 1377 1378
v 1379 1380 1381 -1382 -1383 -1384 1385 1386 1387 1388 1389 -1390 -1391 -1392
v 1393 1394 1395 1396 1397 -1398 -1399 -1400 1401 1402 1403 1404 1405 -1406
v -1407 -1408 1409 1410 1411 1412 1413 -1414 -1415 -1416 1417 1418 1419 1420
v 1421 -1422 -1423 -1424 1425 1426 1427 1428 1429 -1430 -1431 -1432 1433 1434
v 1435 1436 1437 -1438 -1439 -1440 1441 1442 1443 1444 1445 -1446 -1447 -1448
v 1449 1450 1451 1452 1453 -1454 -1455 -1456 1457 1458 1459 1460 1461 -1462
v -1463 -1464 1465 1466 1467 1468 1469 -1470 -1471 -1472 1473 1474 1475 1476
v 1477 -1478 -1479 -1480 1481 1482 1483 1484 1485 -1486 -1487 -1488 1489 1490
v 1491 1492 1493 -1494 -1495 -1496 1497 1498 1499 1500 1501 -1502 -1503 -1504
v 1505 1506 1507 1508 1509 1510 -1511 -1512 1513 1514 1515 1516 1517 1518
v -1519 -1520 1521 1522 1523 1524 1525 1526 -1527 -1528 1529 1530 1531 1532
v 1533 1534 -1535 -1536 1537 1538 1539 1540 1541 1542 -1543 -1544 1545 1546
v 1547 1548 1549 1550 -1551 -1552 1553 1554 1555 1556 1557 1558 -1559 -1560
v 1561 1562 1563 1564 1565 1566 -1567 -1568 1569 1570 1571 1572 1573 1574
v -1575 -1576 1577 1578 1579 1580 1581 1582 -1583 -1584 1585 1586 1587 1588
v 1589 1590 -1591 -1592 1593 1594 1595 1596 1597 1598 -1599 -1600 1601 1602
v 1603 1604 1605 1606 -1607 -1608 1609 1610 1611 1612 1613 1614 -1615 -1616
v 1617 1618 1619 1620 1621 1622 -1623 -1624 1625 1626 1627 1628 1629 1630
v -1631 -1632 1633 1634 1635 1636 1637 1638 -1639 -1640 1641 1642 1643 1644
v 1645 1646 -1647 -1648 1649 1650 1651 1652 1653 1654 -1655 -1656 1657 1658
v 1659 1660 1661 1662 -1663 -1664 1665 1666 1667 1668 1669 1670 -1671 -1672
v 1673 1674 1675 1676 1677 1678 -1679 -1680 1681 1682 1683 1684 1685 1686
v -1687 -1688 1689 1690 1691 1692 1693 1694 -1695 -1696 1697 1698 1699 1700
v 1701 1702 -1703 -1704 1705 1706 1707 1708 1709 1710 -1711 -1712 1713 1714
v 1715 1716 1717 1718 -1719 -1720 1721 1722 1723 1724 1725 1726 -1727 -1728
v 1729 1730 1731 1732 1733 1734 -1735 -1736 1737 1738 1739 1740 1741 1742
v -1743 -1744 1745 1746 1747 1748 1749 1750 -1751 -1752 1753 1754 1755 1756
v 1757 1758 -1759 -1760 1761 1762 1763 1764 1765 1766 -1767 -1768 1769 1770
v 1771 1772 1773 1774 -1775 -1776 1777 1778 1779 1780 1781 1782 -1783 -1784
v 1785 1786 1787 1788 1789 1790 1791 -1792 1793 1794 1795 1796 1797 1798 1799
v -1800 1801 1802 1803 1804 1805 1806 1807 -1808 1809 1810 1811 1812 1813 1814
v 1815 -1816 1817 1818 1819 1820 1821 1822 1823 -1824 1825 1826 1827 1828 1829
v 1830 1831 -1832 1833 1834 1835 1836 1837 1838 1839 -1840 1841 1842 1843 1844
v 1845 1846 1847 -1848 1849 1850 1851 1852 1853 1854 1855 -1856 1857 1858 1859
v 1860 1861 1862 1863 -1864 1865 1866 1867 1868 1869 1870 1871 -1872 1873 1874
v 1875 1876 1877 1878 1879 -1880 1881 1882 1883 1884 1885 1886 1887 -1888 1889
v 1890 1891 1892 1893 1894 1895 -1896 1897 1898 1899 1900 1901 1902 1903 -1904
v 1905 1906 1907 1908 1909 1910 1911 -1912 1913 1914 1915 1916 1917 1918 1919
v -1920 1921 1922 1923 1924 1925 1926 1927 -1928 1929 1930 1931 1932 1933 1934
v 1935 -1936 1937 1938 1939 1940 1941 1942 1943 -1944 1945 1946 1947 1948 1949
v 1950 1951 -1952 1953 1954 1955 1956 1957 1958 1959 1960 1961 1962 1963 1964
v 1965 1966 1967 1968 1969 1970 1971 1972 1973 1974 1975 1976 0
c 
c --- [ run-time profiling ] -------------------------------------------------
c 
c process time taken by individual solving procedures
c (percentage relative to process time for solving)
c 
c         0.17  100.00% search
c         0.09   54.55% unstable
c         0.08   45.45% stable
c         0.02    9.09% parse
c         0.00    0.00% simplify
c   =================================
c         0.17   91.67% solve
c 
c last line shows process time for solving
c (percentage relative to total process time)
c 
c --- [ statistics ] ---------------------------------------------------------
c 
c chronological:              2403        28.42 %  of conflicts
c conflicts:                  8455     49192.73    per second
c decisions:                 18861    109736.73    per second
c eliminated:                 1050        53.14 %  of all variables
c fixed:                       153         7.74 %  of all variables
c learned:                    8180        96.75 %  per conflict
c learned_lits:             152368       100.00 %  learned literals
c minimized:                     0         0.00 %  learned literals
c shrunken:                  25478        16.72 %  learned literals
c minishrunken:              20003        13.13 %  learned literals
c propagations:            1967361        11.45 M  per second
c reduced:                    1252        14.81 %  per conflict
c rephased:                      3      2818.33    interval
c restarts:                    551        15.34    interval
c stabilizing:                   2        40.83 %  of conflicts
c subsumed:                   1891         4.50 %  of all clauses
c strengthened:               1572         3.74 %  of all clauses
c ternary:                     497         1.16 %  of resolved
c vivified:                     20         0.05 %  of all clauses
c weakened:                   3795         2.72    average size
c 
c seconds are measured in process time for solving
c 
c --- [ resources ] ----------------------------------------------------------
c 
c total process time since initialization:         0.19    seconds
c total real time since initialization:            0.22    seconds
c maximum resident set size of process:            4.38    MB
c 
c --- [ shutting down ] ------------------------------------------------------
c 
c exit 10
